<?xml version="1.0" encoding="UTF-8"?>
<!-- Generated by org.testng.reporters.JUnitReportReporter -->
<testsuite hostname="LAPTOP-9VKVOOSG" failures="0" tests="4" name="datadrivenFrameworkpack.Testng_datadrivenclass" time="27.016" errors="0" timestamp="2022-08-04T07:40:38 IST" skipped="0">
  <testcase classname="datadrivenFrameworkpack.Testng_datadrivenclass" name="login" time="2.654"/>
  <system-out/>
  <testcase classname="datadrivenFrameworkpack.Testng_datadrivenclass" name="login" time="10.429"/>
  <system-out/>
  <testcase classname="datadrivenFrameworkpack.Testng_datadrivenclass" name="login" time="4.249"/>
  <system-out/>
  <testcase classname="datadrivenFrameworkpack.Testng_datadrivenclass" name="login" time="9.684"/>
  <system-out/>
</testsuite> <!-- datadrivenFrameworkpack.Testng_datadrivenclass -->
